2026-07-13 17:47:38,714 [INFO] Task: cancer_stage
2026-07-13 17:47:38,714 [INFO] Loading expression index from: data/clean/expression.csv
2026-07-13 17:47:38,821 [INFO] Expression matrix has 516 samples.
2026-07-13 17:47:38,821 [INFO] Loading clinical metadata from: data/clean/clinical.csv
2026-07-13 17:47:38,832 [INFO] Clinical table: 516 samples x 7 columns
2026-07-13 17:47:38,840 [INFO] Task 'cancer_stage': dropping 121 samples with unknown/unmappable labels.
2026-07-13 17:47:38,843 [INFO] Task 'cancer_stage': 395 samples with known labels. Class counts: {0: 310, 1: 85}
2026-07-13 17:47:38,844 [INFO] Generating CV splits (method=RepeatedStratifiedKFold) ...
2026-07-13 17:47:38,849 [INFO]   [RepeatedStratifiedKFold] Repeat 0 Fold 0: train=316 {0: 248, 1: 68} test=79 {0: 62, 1: 17}
2026-07-13 17:47:38,850 [INFO]   [RepeatedStratifiedKFold] Repeat 0 Fold 1: train=316 {0: 248, 1: 68} test=79 {0: 62, 1: 17}
2026-07-13 17:47:38,851 [INFO]   [RepeatedStratifiedKFold] Repeat 0 Fold 2: train=316 {0: 248, 1: 68} test=79 {0: 62, 1: 17}
2026-07-13 17:47:38,852 [INFO]   [RepeatedStratifiedKFold] Repeat 0 Fold 3: train=316 {0: 248, 1: 68} test=79 {0: 62, 1: 17}
2026-07-13 17:47:38,853 [INFO]   [RepeatedStratifiedKFold] Repeat 0 Fold 4: train=316 {0: 248, 1: 68} test=79 {0: 62, 1: 17}
2026-07-13 17:47:38,855 [INFO]   [RepeatedStratifiedKFold] Repeat 1 Fold 0: train=316 {0: 248, 1: 68} test=79 {0: 62, 1: 17}
2026-07-13 17:47:38,856 [INFO]   [RepeatedStratifiedKFold] Repeat 1 Fold 1: train=316 {0: 248, 1: 68} test=79 {0: 62, 1: 17}
2026-07-13 17:47:38,857 [INFO]   [RepeatedStratifiedKFold] Repeat 1 Fold 2: train=316 {0: 248, 1: 68} test=79 {0: 62, 1: 17}
2026-07-13 17:47:38,859 [INFO]   [RepeatedStratifiedKFold] Repeat 1 Fold 3: train=316 {0: 248, 1: 68} test=79 {0: 62, 1: 17}
2026-07-13 17:47:38,860 [INFO]   [RepeatedStratifiedKFold] Repeat 1 Fold 4: train=316 {0: 248, 1: 68} test=79 {0: 62, 1: 17}
2026-07-13 17:47:38,862 [INFO]   [RepeatedStratifiedKFold] Repeat 2 Fold 0: train=316 {0: 248, 1: 68} test=79 {0: 62, 1: 17}
2026-07-13 17:47:38,863 [INFO]   [RepeatedStratifiedKFold] Repeat 2 Fold 1: train=316 {0: 248, 1: 68} test=79 {0: 62, 1: 17}
2026-07-13 17:47:38,864 [INFO]   [RepeatedStratifiedKFold] Repeat 2 Fold 2: train=316 {0: 248, 1: 68} test=79 {0: 62, 1: 17}
2026-07-13 17:47:38,865 [INFO]   [RepeatedStratifiedKFold] Repeat 2 Fold 3: train=316 {0: 248, 1: 68} test=79 {0: 62, 1: 17}
2026-07-13 17:47:38,866 [INFO]   [RepeatedStratifiedKFold] Repeat 2 Fold 4: train=316 {0: 248, 1: 68} test=79 {0: 62, 1: 17}
2026-07-13 17:47:38,868 [INFO]   [RepeatedStratifiedKFold] Repeat 3 Fold 0: train=316 {0: 248, 1: 68} test=79 {0: 62, 1: 17}
2026-07-13 17:47:38,871 [INFO]   [RepeatedStratifiedKFold] Repeat 3 Fold 1: train=316 {0: 248, 1: 68} test=79 {0: 62, 1: 17}
2026-07-13 17:47:38,872 [INFO]   [RepeatedStratifiedKFold] Repeat 3 Fold 2: train=316 {0: 248, 1: 68} test=79 {0: 62, 1: 17}
2026-07-13 17:47:38,873 [INFO]   [RepeatedStratifiedKFold] Repeat 3 Fold 3: train=316 {0: 248, 1: 68} test=79 {0: 62, 1: 17}
2026-07-13 17:47:38,874 [INFO]   [RepeatedStratifiedKFold] Repeat 3 Fold 4: train=316 {0: 248, 1: 68} test=79 {0: 62, 1: 17}
2026-07-13 17:47:38,876 [INFO]   [RepeatedStratifiedKFold] Repeat 4 Fold 0: train=316 {0: 248, 1: 68} test=79 {0: 62, 1: 17}
2026-07-13 17:47:38,877 [INFO]   [RepeatedStratifiedKFold] Repeat 4 Fold 1: train=316 {0: 248, 1: 68} test=79 {0: 62, 1: 17}
2026-07-13 17:47:38,878 [INFO]   [RepeatedStratifiedKFold] Repeat 4 Fold 2: train=316 {0: 248, 1: 68} test=79 {0: 62, 1: 17}
2026-07-13 17:47:38,879 [INFO]   [RepeatedStratifiedKFold] Repeat 4 Fold 3: train=316 {0: 248, 1: 68} test=79 {0: 62, 1: 17}
2026-07-13 17:47:38,880 [INFO]   [RepeatedStratifiedKFold] Repeat 4 Fold 4: train=316 {0: 248, 1: 68} test=79 {0: 62, 1: 17}
2026-07-13 17:47:38,881 [INFO]   [RepeatedStratifiedKFold] Repeat 5 Fold 0: train=316 {0: 248, 1: 68} test=79 {0: 62, 1: 17}
2026-07-13 17:47:38,882 [INFO]   [RepeatedStratifiedKFold] Repeat 5 Fold 1: train=316 {0: 248, 1: 68} test=79 {0: 62, 1: 17}
2026-07-13 17:47:38,883 [INFO]   [RepeatedStratifiedKFold] Repeat 5 Fold 2: train=316 {0: 248, 1: 68} test=79 {0: 62, 1: 17}
2026-07-13 17:47:38,885 [INFO]   [RepeatedStratifiedKFold] Repeat 5 Fold 3: train=316 {0: 248, 1: 68} test=79 {0: 62, 1: 17}
2026-07-13 17:47:38,886 [INFO]   [RepeatedStratifiedKFold] Repeat 5 Fold 4: train=316 {0: 248, 1: 68} test=79 {0: 62, 1: 17}
2026-07-13 17:47:38,887 [INFO]   [RepeatedStratifiedKFold] Repeat 6 Fold 0: train=316 {0: 248, 1: 68} test=79 {0: 62, 1: 17}
2026-07-13 17:47:38,889 [INFO]   [RepeatedStratifiedKFold] Repeat 6 Fold 1: train=316 {0: 248, 1: 68} test=79 {0: 62, 1: 17}
2026-07-13 17:47:38,890 [INFO]   [RepeatedStratifiedKFold] Repeat 6 Fold 2: train=316 {0: 248, 1: 68} test=79 {0: 62, 1: 17}
2026-07-13 17:47:38,890 [INFO]   [RepeatedStratifiedKFold] Repeat 6 Fold 3: train=316 {0: 248, 1: 68} test=79 {0: 62, 1: 17}
2026-07-13 17:47:38,891 [INFO]   [RepeatedStratifiedKFold] Repeat 6 Fold 4: train=316 {0: 248, 1: 68} test=79 {0: 62, 1: 17}
2026-07-13 17:47:38,893 [INFO]   [RepeatedStratifiedKFold] Repeat 7 Fold 0: train=316 {0: 248, 1: 68} test=79 {0: 62, 1: 17}
2026-07-13 17:47:38,894 [INFO]   [RepeatedStratifiedKFold] Repeat 7 Fold 1: train=316 {0: 248, 1: 68} test=79 {0: 62, 1: 17}
2026-07-13 17:47:38,896 [INFO]   [RepeatedStratifiedKFold] Repeat 7 Fold 2: train=316 {0: 248, 1: 68} test=79 {0: 62, 1: 17}
2026-07-13 17:47:38,897 [INFO]   [RepeatedStratifiedKFold] Repeat 7 Fold 3: train=316 {0: 248, 1: 68} test=79 {0: 62, 1: 17}
2026-07-13 17:47:38,899 [INFO]   [RepeatedStratifiedKFold] Repeat 7 Fold 4: train=316 {0: 248, 1: 68} test=79 {0: 62, 1: 17}
2026-07-13 17:47:38,901 [INFO]   [RepeatedStratifiedKFold] Repeat 8 Fold 0: train=316 {0: 248, 1: 68} test=79 {0: 62, 1: 17}
2026-07-13 17:47:38,902 [INFO]   [RepeatedStratifiedKFold] Repeat 8 Fold 1: train=316 {0: 248, 1: 68} test=79 {0: 62, 1: 17}
2026-07-13 17:47:38,904 [INFO]   [RepeatedStratifiedKFold] Repeat 8 Fold 2: train=316 {0: 248, 1: 68} test=79 {0: 62, 1: 17}
2026-07-13 17:47:38,906 [INFO]   [RepeatedStratifiedKFold] Repeat 8 Fold 3: train=316 {0: 248, 1: 68} test=79 {0: 62, 1: 17}
2026-07-13 17:47:38,907 [INFO]   [RepeatedStratifiedKFold] Repeat 8 Fold 4: train=316 {0: 248, 1: 68} test=79 {0: 62, 1: 17}
2026-07-13 17:47:38,908 [INFO]   [RepeatedStratifiedKFold] Repeat 9 Fold 0: train=316 {0: 248, 1: 68} test=79 {0: 62, 1: 17}
2026-07-13 17:47:38,909 [INFO]   [RepeatedStratifiedKFold] Repeat 9 Fold 1: train=316 {0: 248, 1: 68} test=79 {0: 62, 1: 17}
2026-07-13 17:47:38,910 [INFO]   [RepeatedStratifiedKFold] Repeat 9 Fold 2: train=316 {0: 248, 1: 68} test=79 {0: 62, 1: 17}
2026-07-13 17:47:38,911 [INFO]   [RepeatedStratifiedKFold] Repeat 9 Fold 3: train=316 {0: 248, 1: 68} test=79 {0: 62, 1: 17}
2026-07-13 17:47:38,912 [INFO]   [RepeatedStratifiedKFold] Repeat 9 Fold 4: train=316 {0: 248, 1: 68} test=79 {0: 62, 1: 17}
2026-07-13 17:47:38,930 [INFO] Wrote splits to: results/splits/cancer_stage_splits.json
2026-07-13 19:23:18,382 [INFO] Task: cancer_stage
2026-07-13 19:23:18,383 [INFO] Loading expression index from: data/clean/expression.csv
2026-07-13 19:23:18,491 [INFO] Expression matrix has 516 samples.
2026-07-13 19:23:18,492 [INFO] Loading clinical metadata from: data/clean/clinical.csv
2026-07-13 19:23:18,511 [INFO] Clinical table: 516 samples x 7 columns
2026-07-13 19:23:18,533 [INFO] Task 'cancer_stage': dropping 121 samples with unknown/unmappable labels.
2026-07-13 19:23:18,541 [INFO] Task 'cancer_stage': 395 samples with known labels. Class counts: {0: 310, 1: 85}
2026-07-13 19:23:18,542 [INFO] Generating CV splits (method=RepeatedStratifiedKFold) ...
2026-07-13 19:23:18,556 [INFO]   [RepeatedStratifiedKFold] Repeat 0 Fold 0: train=316 {0: 248, 1: 68} test=79 {0: 62, 1: 17}
2026-07-13 19:23:18,558 [INFO]   [RepeatedStratifiedKFold] Repeat 0 Fold 1: train=316 {0: 248, 1: 68} test=79 {0: 62, 1: 17}
2026-07-13 19:23:18,559 [INFO]   [RepeatedStratifiedKFold] Repeat 0 Fold 2: train=316 {0: 248, 1: 68} test=79 {0: 62, 1: 17}
2026-07-13 19:23:18,560 [INFO]   [RepeatedStratifiedKFold] Repeat 0 Fold 3: train=316 {0: 248, 1: 68} test=79 {0: 62, 1: 17}
2026-07-13 19:23:18,561 [INFO]   [RepeatedStratifiedKFold] Repeat 0 Fold 4: train=316 {0: 248, 1: 68} test=79 {0: 62, 1: 17}
2026-07-13 19:23:18,563 [INFO]   [RepeatedStratifiedKFold] Repeat 1 Fold 0: train=316 {0: 248, 1: 68} test=79 {0: 62, 1: 17}
2026-07-13 19:23:18,564 [INFO]   [RepeatedStratifiedKFold] Repeat 1 Fold 1: train=316 {0: 248, 1: 68} test=79 {0: 62, 1: 17}
2026-07-13 19:23:18,565 [INFO]   [RepeatedStratifiedKFold] Repeat 1 Fold 2: train=316 {0: 248, 1: 68} test=79 {0: 62, 1: 17}
2026-07-13 19:23:18,566 [INFO]   [RepeatedStratifiedKFold] Repeat 1 Fold 3: train=316 {0: 248, 1: 68} test=79 {0: 62, 1: 17}
2026-07-13 19:23:18,567 [INFO]   [RepeatedStratifiedKFold] Repeat 1 Fold 4: train=316 {0: 248, 1: 68} test=79 {0: 62, 1: 17}
2026-07-13 19:23:18,574 [INFO] Wrote splits to: results/splits/cancer_stage_splits.json
